<?xml version="1.0" encoding="UTF-8"?>
<testsuite name="Technical project" tests="1" skipped="0" failures="0" errors="0" timestamp="2021-12-11T21:10:22" hostname="DESKTOP-ORAGD72" time="46.319">
  <properties/>
  <testcase name="registration in the system" classname="Technical project" time="46.319"/>
  <system-out><![CDATA[]]></system-out>
  <system-err><![CDATA[[Test worker] WARN net.thucydides.core.steps.BaseStepListener - stepStarted: net.thucydides.core.steps.ExecutedStepDescription@6bc88df8
[Test worker] WARN net.thucydides.core.steps.BaseStepListener - stepStarted: net.thucydides.core.steps.ExecutedStepDescription@63761af5
[Test worker] WARN net.thucydides.core.steps.BaseStepListener - stepStarted: net.thucydides.core.steps.ExecutedStepDescription@881e8ec
dic 11, 2021 4:10:24 PM org.openqa.selenium.remote.DesiredCapabilities chrome
INFORMACIÓN: Using `new ChromeOptions()` is preferred to `DesiredCapabilities.chrome()`
[Test worker] INFO net.serenitybdd.core.webdriver.driverproviders.ProvideNewDriver - Instantiating driver
[Test worker] INFO net.serenitybdd.core.webdriver.driverproviders.ProvideNewDriver - Driver capabilities: Capabilities {acceptInsecureCerts: false, browserName: chrome, chrome.switches: --start-maximized, goog:chromeOptions: {args: [--start-maximized], extensions: []}, loggingPrefs: org.openqa.selenium.logging..., platform: ANY, version: }
Starting ChromeDriver 95.0.4638.69 (6a1600ed572fedecd573b6c2b90a22fe6392a410-refs/branch-heads/4638@{#984}) on port 43166
Only local connections are allowed.
Please see https://chromedriver.chromium.org/security-considerations for suggestions on keeping ChromeDriver safe.
ChromeDriver was started successfully.
[1639257027.622][WARNING]: This version of ChromeDriver has not been tested with Chrome version 96.
dic 11, 2021 4:10:27 PM org.openqa.selenium.remote.ProtocolHandshake createSession
INFORMACIÓN: Detected dialect: W3C
[Test worker] WARN net.thucydides.core.steps.BaseStepListener - stepFinished: current outcome:registration in the system:Given that Alvaro wants to enter the user registration url [ open up [ opens the Utest page]]
[Test worker] WARN net.thucydides.core.steps.BaseStepListener - stepFinished: current outcome:registration in the system:Given that Alvaro wants to enter the user registration url [ open up [ opens the Utest page]]
[Test worker] WARN net.thucydides.core.steps.BaseStepListener - stepFinished: current outcome:registration in the system:Given that Alvaro wants to enter the user registration url [ open up [ opens the Utest page]]
[Test worker] WARN net.thucydides.core.steps.BaseStepListener - stepStarted: net.thucydides.core.steps.ExecutedStepDescription@2cd8c347
[Test worker] WARN net.thucydides.core.steps.BaseStepListener - stepStarted: net.thucydides.core.steps.ExecutedStepDescription@4300bd2a
[Test worker] WARN net.thucydides.core.steps.BaseStepListener - stepStarted: net.thucydides.core.steps.ExecutedStepDescription@4ab9c218
[Test worker] WARN net.thucydides.core.steps.BaseStepListener - stepFinished: current outcome:registration in the system:Given that Alvaro wants to enter the user registration url [ open up [ opens the Utest page]], When enter all the appropriate data for user registration on the Utest platform
| name | last_name | email | birth_month | birth_day | birth_year | languages | city | code_postal | country | computer | computer_version | computer_language | password |
| Alvaro Israel | Cabezas Rios | aicabezas12322699@gmail.com | May | 4 | 2000 | spanish | Bogotá | 111121 | Colombia | Windows | Windows 10 | Spanish | Alvaro100@@ | [ registration user step1 [ clicks on Ingreso al mdulo de registro]]
[Test worker] WARN net.thucydides.core.steps.BaseStepListener - stepStarted: net.thucydides.core.steps.ExecutedStepDescription@3cedc6d0
[Test worker] WARN net.thucydides.core.steps.BaseStepListener - stepFinished: current outcome:registration in the system:Given that Alvaro wants to enter the user registration url [ open up [ opens the Utest page]], When enter all the appropriate data for user registration on the Utest platform
| name | last_name | email | birth_month | birth_day | birth_year | languages | city | code_postal | country | computer | computer_version | computer_language | password |
| Alvaro Israel | Cabezas Rios | aicabezas12322699@gmail.com | May | 4 | 2000 | spanish | Bogotá | 111121 | Colombia | Windows | Windows 10 | Spanish | Alvaro100@@ | [ registration user step1 [ clicks on Ingreso al mdulo de registro,  enters 'Alvaro Israel' into Ingreso de nombre]]
[Test worker] WARN net.thucydides.core.steps.BaseStepListener - stepStarted: net.thucydides.core.steps.ExecutedStepDescription@55a7c7c0
[Test worker] WARN net.thucydides.core.steps.BaseStepListener - stepFinished: current outcome:registration in the system:Given that Alvaro wants to enter the user registration url [ open up [ opens the Utest page]], When enter all the appropriate data for user registration on the Utest platform
| name | last_name | email | birth_month | birth_day | birth_year | languages | city | code_postal | country | computer | computer_version | computer_language | password |
| Alvaro Israel | Cabezas Rios | aicabezas12322699@gmail.com | May | 4 | 2000 | spanish | Bogotá | 111121 | Colombia | Windows | Windows 10 | Spanish | Alvaro100@@ | [ registration user step1 [ clicks on Ingreso al mdulo de registro,  enters 'Alvaro Israel' into Ingreso de nombre,  enters 'Cabezas Rios' into Ingreso de apellido]]
[Test worker] WARN net.thucydides.core.steps.BaseStepListener - stepStarted: net.thucydides.core.steps.ExecutedStepDescription@76fb252c
[Test worker] WARN net.thucydides.core.steps.BaseStepListener - stepFinished: current outcome:registration in the system:Given that Alvaro wants to enter the user registration url [ open up [ opens the Utest page]], When enter all the appropriate data for user registration on the Utest platform
| name | last_name | email | birth_month | birth_day | birth_year | languages | city | code_postal | country | computer | computer_version | computer_language | password |
| Alvaro Israel | Cabezas Rios | aicabezas12322699@gmail.com | May | 4 | 2000 | spanish | Bogotá | 111121 | Colombia | Windows | Windows 10 | Spanish | Alvaro100@@ | [ registration user step1 [ clicks on Ingreso al mdulo de registro,  enters 'Alvaro Israel' into Ingreso de nombre,  enters 'Cabezas Rios' into Ingreso de apellido,  enters 'aicabezas12322699@gmail.com' into Ingreso del email]]
[Test worker] WARN net.thucydides.core.steps.BaseStepListener - stepStarted: net.thucydides.core.steps.ExecutedStepDescription@6f70707a
[Test worker] WARN net.thucydides.core.steps.BaseStepListener - stepFinished: current outcome:registration in the system:Given that Alvaro wants to enter the user registration url [ open up [ opens the Utest page]], When enter all the appropriate data for user registration on the Utest platform
| name | last_name | email | birth_month | birth_day | birth_year | languages | city | code_postal | country | computer | computer_version | computer_language | password |
| Alvaro Israel | Cabezas Rios | aicabezas12322699@gmail.com | May | 4 | 2000 | spanish | Bogotá | 111121 | Colombia | Windows | Windows 10 | Spanish | Alvaro100@@ | [ registration user step1 [ clicks on Ingreso al mdulo de registro,  enters 'Alvaro Israel' into Ingreso de nombre,  enters 'Cabezas Rios' into Ingreso de apellido,  enters 'aicabezas12322699@gmail.com' into Ingreso del email,  select May on Seleionar el mes]]
[Test worker] WARN net.thucydides.core.steps.BaseStepListener - stepStarted: net.thucydides.core.steps.ExecutedStepDescription@7521cc9c
[Test worker] WARN net.thucydides.core.steps.BaseStepListener - stepFinished: current outcome:registration in the system:Given that Alvaro wants to enter the user registration url [ open up [ opens the Utest page]], When enter all the appropriate data for user registration on the Utest platform
| name | last_name | email | birth_month | birth_day | birth_year | languages | city | code_postal | country | computer | computer_version | computer_language | password |
| Alvaro Israel | Cabezas Rios | aicabezas12322699@gmail.com | May | 4 | 2000 | spanish | Bogotá | 111121 | Colombia | Windows | Windows 10 | Spanish | Alvaro100@@ | [ registration user step1 [ clicks on Ingreso al mdulo de registro,  enters 'Alvaro Israel' into Ingreso de nombre,  enters 'Cabezas Rios' into Ingreso de apellido,  enters 'aicabezas12322699@gmail.com' into Ingreso del email,  select May on Seleionar el mes,  select 4 on Seleionar el dia]]
[Test worker] WARN net.thucydides.core.steps.BaseStepListener - stepStarted: net.thucydides.core.steps.ExecutedStepDescription@2c62abdc
[Test worker] WARN net.thucydides.core.steps.BaseStepListener - stepFinished: current outcome:registration in the system:Given that Alvaro wants to enter the user registration url [ open up [ opens the Utest page]], When enter all the appropriate data for user registration on the Utest platform
| name | last_name | email | birth_month | birth_day | birth_year | languages | city | code_postal | country | computer | computer_version | computer_language | password |
| Alvaro Israel | Cabezas Rios | aicabezas12322699@gmail.com | May | 4 | 2000 | spanish | Bogotá | 111121 | Colombia | Windows | Windows 10 | Spanish | Alvaro100@@ | [ registration user step1 [ clicks on Ingreso al mdulo de registro,  enters 'Alvaro Israel' into Ingreso de nombre,  enters 'Cabezas Rios' into Ingreso de apellido,  enters 'aicabezas12322699@gmail.com' into Ingreso del email,  select May on Seleionar el mes,  select 4 on Seleionar el dia,  select 2000 on Seleionar el aÃ±o]]
[Test worker] WARN net.thucydides.core.steps.BaseStepListener - stepStarted: net.thucydides.core.steps.ExecutedStepDescription@371f07c9
[Test worker] WARN net.thucydides.core.steps.BaseStepListener - stepFinished: current outcome:registration in the system:Given that Alvaro wants to enter the user registration url [ open up [ opens the Utest page]], When enter all the appropriate data for user registration on the Utest platform
| name | last_name | email | birth_month | birth_day | birth_year | languages | city | code_postal | country | computer | computer_version | computer_language | password |
| Alvaro Israel | Cabezas Rios | aicabezas12322699@gmail.com | May | 4 | 2000 | spanish | Bogotá | 111121 | Colombia | Windows | Windows 10 | Spanish | Alvaro100@@ | [ registration user step1 [ clicks on Ingreso al mdulo de registro,  enters 'Alvaro Israel' into Ingreso de nombre,  enters 'Cabezas Rios' into Ingreso de apellido,  enters 'aicabezas12322699@gmail.com' into Ingreso del email,  select May on Seleionar el mes,  select 4 on Seleionar el dia,  select 2000 on Seleionar el aÃ±o,  enters 'spanish' into Ingresar idioma]]
[Test worker] WARN net.thucydides.core.steps.BaseStepListener - stepStarted: net.thucydides.core.steps.ExecutedStepDescription@5293b5e9
[Test worker] WARN net.thucydides.core.steps.BaseStepListener - stepFinished: current outcome:registration in the system:Given that Alvaro wants to enter the user registration url [ open up [ opens the Utest page]], When enter all the appropriate data for user registration on the Utest platform
| name | last_name | email | birth_month | birth_day | birth_year | languages | city | code_postal | country | computer | computer_version | computer_language | password |
| Alvaro Israel | Cabezas Rios | aicabezas12322699@gmail.com | May | 4 | 2000 | spanish | Bogotá | 111121 | Colombia | Windows | Windows 10 | Spanish | Alvaro100@@ | [ registration user step1 [ clicks on Ingreso al mdulo de registro,  enters 'Alvaro Israel' into Ingreso de nombre,  enters 'Cabezas Rios' into Ingreso de apellido,  enters 'aicabezas12322699@gmail.com' into Ingreso del email,  select May on Seleionar el mes,  select 4 on Seleionar el dia,  select 2000 on Seleionar el aÃ±o,  enters 'spanish' into Ingresar idioma,  types 'ENTER' in Ingresar idioma]]
[Test worker] WARN net.thucydides.core.steps.BaseStepListener - stepStarted: net.thucydides.core.steps.ExecutedStepDescription@5f3933dc
[Test worker] WARN net.thucydides.core.steps.BaseStepListener - stepFinished: current outcome:registration in the system:Given that Alvaro wants to enter the user registration url [ open up [ opens the Utest page]], When enter all the appropriate data for user registration on the Utest platform
| name | last_name | email | birth_month | birth_day | birth_year | languages | city | code_postal | country | computer | computer_version | computer_language | password |
| Alvaro Israel | Cabezas Rios | aicabezas12322699@gmail.com | May | 4 | 2000 | spanish | Bogotá | 111121 | Colombia | Windows | Windows 10 | Spanish | Alvaro100@@ | [ registration user step1 [ clicks on Ingreso al mdulo de registro,  enters 'Alvaro Israel' into Ingreso de nombre,  enters 'Cabezas Rios' into Ingreso de apellido,  enters 'aicabezas12322699@gmail.com' into Ingreso del email,  select May on Seleionar el mes,  select 4 on Seleionar el dia,  select 2000 on Seleionar el aÃ±o,  enters 'spanish' into Ingresar idioma,  types 'ENTER' in Ingresar idioma,  clicks on Ingreso a la segundo paso del regsitro]]
[Test worker] WARN net.thucydides.core.steps.BaseStepListener - stepFinished: current outcome:registration in the system:Given that Alvaro wants to enter the user registration url [ open up [ opens the Utest page]], When enter all the appropriate data for user registration on the Utest platform
| name | last_name | email | birth_month | birth_day | birth_year | languages | city | code_postal | country | computer | computer_version | computer_language | password |
| Alvaro Israel | Cabezas Rios | aicabezas12322699@gmail.com | May | 4 | 2000 | spanish | Bogotá | 111121 | Colombia | Windows | Windows 10 | Spanish | Alvaro100@@ | [ registration user step1 [ clicks on Ingreso al mdulo de registro,  enters 'Alvaro Israel' into Ingreso de nombre,  enters 'Cabezas Rios' into Ingreso de apellido,  enters 'aicabezas12322699@gmail.com' into Ingreso del email,  select May on Seleionar el mes,  select 4 on Seleionar el dia,  select 2000 on Seleionar el aÃ±o,  enters 'spanish' into Ingresar idioma,  types 'ENTER' in Ingresar idioma,  clicks on Ingreso a la segundo paso del regsitro]]
[Test worker] WARN net.thucydides.core.steps.BaseStepListener - stepStarted: net.thucydides.core.steps.ExecutedStepDescription@1484ded7
[Test worker] WARN net.thucydides.core.steps.BaseStepListener - stepStarted: net.thucydides.core.steps.ExecutedStepDescription@396b8ccb
[Test worker] WARN net.thucydides.core.steps.BaseStepListener - stepFinished: current outcome:registration in the system:Given that Alvaro wants to enter the user registration url [ open up [ opens the Utest page]], When enter all the appropriate data for user registration on the Utest platform
| name | last_name | email | birth_month | birth_day | birth_year | languages | city | code_postal | country | computer | computer_version | computer_language | password |
| Alvaro Israel | Cabezas Rios | aicabezas12322699@gmail.com | May | 4 | 2000 | spanish | Bogotá | 111121 | Colombia | Windows | Windows 10 | Spanish | Alvaro100@@ | [ registration user step1 [ clicks on Ingreso al mdulo de registro,  enters 'Alvaro Israel' into Ingreso de nombre,  enters 'Cabezas Rios' into Ingreso de apellido,  enters 'aicabezas12322699@gmail.com' into Ingreso del email,  select May on Seleionar el mes,  select 4 on Seleionar el dia,  select 2000 on Seleionar el aÃ±o,  enters 'spanish' into Ingresar idioma,  types 'ENTER' in Ingresar idioma,  clicks on Ingreso a la segundo paso del regsitro],  registration user step2 [ enters 'Bogotá' into Ingresar la ciudad]]
[Test worker] WARN net.thucydides.core.steps.BaseStepListener - stepStarted: net.thucydides.core.steps.ExecutedStepDescription@697dfa8c
[Test worker] WARN net.thucydides.core.steps.BaseStepListener - stepFinished: current outcome:registration in the system:Given that Alvaro wants to enter the user registration url [ open up [ opens the Utest page]], When enter all the appropriate data for user registration on the Utest platform
| name | last_name | email | birth_month | birth_day | birth_year | languages | city | code_postal | country | computer | computer_version | computer_language | password |
| Alvaro Israel | Cabezas Rios | aicabezas12322699@gmail.com | May | 4 | 2000 | spanish | Bogotá | 111121 | Colombia | Windows | Windows 10 | Spanish | Alvaro100@@ | [ registration user step1 [ clicks on Ingreso al mdulo de registro,  enters 'Alvaro Israel' into Ingreso de nombre,  enters 'Cabezas Rios' into Ingreso de apellido,  enters 'aicabezas12322699@gmail.com' into Ingreso del email,  select May on Seleionar el mes,  select 4 on Seleionar el dia,  select 2000 on Seleionar el aÃ±o,  enters 'spanish' into Ingresar idioma,  types 'ENTER' in Ingresar idioma,  clicks on Ingreso a la segundo paso del regsitro],  registration user step2 [ enters 'Bogotá' into Ingresar la ciudad,  types 'ARROW_DOWN' in Ingresar la ciudad]]
[Test worker] WARN net.thucydides.core.steps.BaseStepListener - stepStarted: net.thucydides.core.steps.ExecutedStepDescription@3e5e77d4
[Test worker] WARN net.thucydides.core.steps.BaseStepListener - stepFinished: current outcome:registration in the system:Given that Alvaro wants to enter the user registration url [ open up [ opens the Utest page]], When enter all the appropriate data for user registration on the Utest platform
| name | last_name | email | birth_month | birth_day | birth_year | languages | city | code_postal | country | computer | computer_version | computer_language | password |
| Alvaro Israel | Cabezas Rios | aicabezas12322699@gmail.com | May | 4 | 2000 | spanish | Bogotá | 111121 | Colombia | Windows | Windows 10 | Spanish | Alvaro100@@ | [ registration user step1 [ clicks on Ingreso al mdulo de registro,  enters 'Alvaro Israel' into Ingreso de nombre,  enters 'Cabezas Rios' into Ingreso de apellido,  enters 'aicabezas12322699@gmail.com' into Ingreso del email,  select May on Seleionar el mes,  select 4 on Seleionar el dia,  select 2000 on Seleionar el aÃ±o,  enters 'spanish' into Ingresar idioma,  types 'ENTER' in Ingresar idioma,  clicks on Ingreso a la segundo paso del regsitro],  registration user step2 [ enters 'Bogotá' into Ingresar la ciudad,  types 'ARROW_DOWN' in Ingresar la ciudad,  clicks on Selecionar el pais]]
[Test worker] WARN net.thucydides.core.steps.BaseStepListener - stepStarted: net.thucydides.core.steps.ExecutedStepDescription@7a75906b
[Test worker] WARN net.thucydides.core.steps.BaseStepListener - stepFinished: current outcome:registration in the system:Given that Alvaro wants to enter the user registration url [ open up [ opens the Utest page]], When enter all the appropriate data for user registration on the Utest platform
| name | last_name | email | birth_month | birth_day | birth_year | languages | city | code_postal | country | computer | computer_version | computer_language | password |
| Alvaro Israel | Cabezas Rios | aicabezas12322699@gmail.com | May | 4 | 2000 | spanish | Bogotá | 111121 | Colombia | Windows | Windows 10 | Spanish | Alvaro100@@ | [ registration user step1 [ clicks on Ingreso al mdulo de registro,  enters 'Alvaro Israel' into Ingreso de nombre,  enters 'Cabezas Rios' into Ingreso de apellido,  enters 'aicabezas12322699@gmail.com' into Ingreso del email,  select May on Seleionar el mes,  select 4 on Seleionar el dia,  select 2000 on Seleionar el aÃ±o,  enters 'spanish' into Ingresar idioma,  types 'ENTER' in Ingresar idioma,  clicks on Ingreso a la segundo paso del regsitro],  registration user step2 [ enters 'Bogotá' into Ingresar la ciudad,  types 'ARROW_DOWN' in Ingresar la ciudad,  clicks on Selecionar el pais,  enters 'Colombia' into Ingresar el pais]]
[Test worker] WARN net.thucydides.core.steps.BaseStepListener - stepStarted: net.thucydides.core.steps.ExecutedStepDescription@683c2e9c
[Test worker] WARN net.thucydides.core.steps.BaseStepListener - stepFinished: current outcome:registration in the system:Given that Alvaro wants to enter the user registration url [ open up [ opens the Utest page]], When enter all the appropriate data for user registration on the Utest platform
| name | last_name | email | birth_month | birth_day | birth_year | languages | city | code_postal | country | computer | computer_version | computer_language | password |
| Alvaro Israel | Cabezas Rios | aicabezas12322699@gmail.com | May | 4 | 2000 | spanish | Bogotá | 111121 | Colombia | Windows | Windows 10 | Spanish | Alvaro100@@ | [ registration user step1 [ clicks on Ingreso al mdulo de registro,  enters 'Alvaro Israel' into Ingreso de nombre,  enters 'Cabezas Rios' into Ingreso de apellido,  enters 'aicabezas12322699@gmail.com' into Ingreso del email,  select May on Seleionar el mes,  select 4 on Seleionar el dia,  select 2000 on Seleionar el aÃ±o,  enters 'spanish' into Ingresar idioma,  types 'ENTER' in Ingresar idioma,  clicks on Ingreso a la segundo paso del regsitro],  registration user step2 [ enters 'Bogotá' into Ingresar la ciudad,  types 'ARROW_DOWN' in Ingresar la ciudad,  clicks on Selecionar el pais,  enters 'Colombia' into Ingresar el pais,  types 'ENTER' in Ingresar el pais]]
[Test worker] WARN net.thucydides.core.steps.BaseStepListener - stepStarted: net.thucydides.core.steps.ExecutedStepDescription@6bc15324
[Test worker] WARN net.thucydides.core.steps.BaseStepListener - stepFinished: current outcome:registration in the system:Given that Alvaro wants to enter the user registration url [ open up [ opens the Utest page]], When enter all the appropriate data for user registration on the Utest platform
| name | last_name | email | birth_month | birth_day | birth_year | languages | city | code_postal | country | computer | computer_version | computer_language | password |
| Alvaro Israel | Cabezas Rios | aicabezas12322699@gmail.com | May | 4 | 2000 | spanish | Bogotá | 111121 | Colombia | Windows | Windows 10 | Spanish | Alvaro100@@ | [ registration user step1 [ clicks on Ingreso al mdulo de registro,  enters 'Alvaro Israel' into Ingreso de nombre,  enters 'Cabezas Rios' into Ingreso de apellido,  enters 'aicabezas12322699@gmail.com' into Ingreso del email,  select May on Seleionar el mes,  select 4 on Seleionar el dia,  select 2000 on Seleionar el aÃ±o,  enters 'spanish' into Ingresar idioma,  types 'ENTER' in Ingresar idioma,  clicks on Ingreso a la segundo paso del regsitro],  registration user step2 [ enters 'Bogotá' into Ingresar la ciudad,  types 'ARROW_DOWN' in Ingresar la ciudad,  clicks on Selecionar el pais,  enters 'Colombia' into Ingresar el pais,  types 'ENTER' in Ingresar el pais,  enters '111121' into Ingresar el codgo postal]]
[Test worker] WARN net.thucydides.core.steps.BaseStepListener - stepStarted: net.thucydides.core.steps.ExecutedStepDescription@292afd3c
[Test worker] WARN net.thucydides.core.steps.BaseStepListener - stepFinished: current outcome:registration in the system:Given that Alvaro wants to enter the user registration url [ open up [ opens the Utest page]], When enter all the appropriate data for user registration on the Utest platform
| name | last_name | email | birth_month | birth_day | birth_year | languages | city | code_postal | country | computer | computer_version | computer_language | password |
| Alvaro Israel | Cabezas Rios | aicabezas12322699@gmail.com | May | 4 | 2000 | spanish | Bogotá | 111121 | Colombia | Windows | Windows 10 | Spanish | Alvaro100@@ | [ registration user step1 [ clicks on Ingreso al mdulo de registro,  enters 'Alvaro Israel' into Ingreso de nombre,  enters 'Cabezas Rios' into Ingreso de apellido,  enters 'aicabezas12322699@gmail.com' into Ingreso del email,  select May on Seleionar el mes,  select 4 on Seleionar el dia,  select 2000 on Seleionar el aÃ±o,  enters 'spanish' into Ingresar idioma,  types 'ENTER' in Ingresar idioma,  clicks on Ingreso a la segundo paso del regsitro],  registration user step2 [ enters 'Bogotá' into Ingresar la ciudad,  types 'ARROW_DOWN' in Ingresar la ciudad,  clicks on Selecionar el pais,  enters 'Colombia' into Ingresar el pais,  types 'ENTER' in Ingresar el pais,  enters '111121' into Ingresar el codgo postal,  clicks on ingreso a la tercer paso del regsitro]]
[Test worker] WARN net.thucydides.core.steps.BaseStepListener - stepFinished: current outcome:registration in the system:Given that Alvaro wants to enter the user registration url [ open up [ opens the Utest page]], When enter all the appropriate data for user registration on the Utest platform
| name | last_name | email | birth_month | birth_day | birth_year | languages | city | code_postal | country | computer | computer_version | computer_language | password |
| Alvaro Israel | Cabezas Rios | aicabezas12322699@gmail.com | May | 4 | 2000 | spanish | Bogotá | 111121 | Colombia | Windows | Windows 10 | Spanish | Alvaro100@@ | [ registration user step1 [ clicks on Ingreso al mdulo de registro,  enters 'Alvaro Israel' into Ingreso de nombre,  enters 'Cabezas Rios' into Ingreso de apellido,  enters 'aicabezas12322699@gmail.com' into Ingreso del email,  select May on Seleionar el mes,  select 4 on Seleionar el dia,  select 2000 on Seleionar el aÃ±o,  enters 'spanish' into Ingresar idioma,  types 'ENTER' in Ingresar idioma,  clicks on Ingreso a la segundo paso del regsitro],  registration user step2 [ enters 'Bogotá' into Ingresar la ciudad,  types 'ARROW_DOWN' in Ingresar la ciudad,  clicks on Selecionar el pais,  enters 'Colombia' into Ingresar el pais,  types 'ENTER' in Ingresar el pais,  enters '111121' into Ingresar el codgo postal,  clicks on ingreso a la tercer paso del regsitro]]
[Test worker] WARN net.thucydides.core.steps.BaseStepListener - stepStarted: net.thucydides.core.steps.ExecutedStepDescription@2e1b8ec2
[Test worker] WARN net.thucydides.core.steps.BaseStepListener - stepStarted: net.thucydides.core.steps.ExecutedStepDescription@3e83a718
[Test worker] WARN net.thucydides.core.steps.BaseStepListener - stepFinished: current outcome:registration in the system:Given that Alvaro wants to enter the user registration url [ open up [ opens the Utest page]], When enter all the appropriate data for user registration on the Utest platform
| name | last_name | email | birth_month | birth_day | birth_year | languages | city | code_postal | country | computer | computer_version | computer_language | password |
| Alvaro Israel | Cabezas Rios | aicabezas12322699@gmail.com | May | 4 | 2000 | spanish | Bogotá | 111121 | Colombia | Windows | Windows 10 | Spanish | Alvaro100@@ | [ registration user step1 [ clicks on Ingreso al mdulo de registro,  enters 'Alvaro Israel' into Ingreso de nombre,  enters 'Cabezas Rios' into Ingreso de apellido,  enters 'aicabezas12322699@gmail.com' into Ingreso del email,  select May on Seleionar el mes,  select 4 on Seleionar el dia,  select 2000 on Seleionar el aÃ±o,  enters 'spanish' into Ingresar idioma,  types 'ENTER' in Ingresar idioma,  clicks on Ingreso a la segundo paso del regsitro],  registration user step2 [ enters 'Bogotá' into Ingresar la ciudad,  types 'ARROW_DOWN' in Ingresar la ciudad,  clicks on Selecionar el pais,  enters 'Colombia' into Ingresar el pais,  types 'ENTER' in Ingresar el pais,  enters '111121' into Ingresar el codgo postal,  clicks on ingreso a la tercer paso del regsitro],  registration user step3 [ clicks on Ingresar el computador]]
[Test worker] WARN net.thucydides.core.steps.BaseStepListener - stepStarted: net.thucydides.core.steps.ExecutedStepDescription@9f93f60
[Test worker] WARN net.thucydides.core.steps.BaseStepListener - stepFinished: current outcome:registration in the system:Given that Alvaro wants to enter the user registration url [ open up [ opens the Utest page]], When enter all the appropriate data for user registration on the Utest platform
| name | last_name | email | birth_month | birth_day | birth_year | languages | city | code_postal | country | computer | computer_version | computer_language | password |
| Alvaro Israel | Cabezas Rios | aicabezas12322699@gmail.com | May | 4 | 2000 | spanish | Bogotá | 111121 | Colombia | Windows | Windows 10 | Spanish | Alvaro100@@ | [ registration user step1 [ clicks on Ingreso al mdulo de registro,  enters 'Alvaro Israel' into Ingreso de nombre,  enters 'Cabezas Rios' into Ingreso de apellido,  enters 'aicabezas12322699@gmail.com' into Ingreso del email,  select May on Seleionar el mes,  select 4 on Seleionar el dia,  select 2000 on Seleionar el aÃ±o,  enters 'spanish' into Ingresar idioma,  types 'ENTER' in Ingresar idioma,  clicks on Ingreso a la segundo paso del regsitro],  registration user step2 [ enters 'Bogotá' into Ingresar la ciudad,  types 'ARROW_DOWN' in Ingresar la ciudad,  clicks on Selecionar el pais,  enters 'Colombia' into Ingresar el pais,  types 'ENTER' in Ingresar el pais,  enters '111121' into Ingresar el codgo postal,  clicks on ingreso a la tercer paso del regsitro],  registration user step3 [ clicks on Ingresar el computador,  enters 'Windows' into Ingresar el nombre del sistema operativo]]
[Test worker] WARN net.thucydides.core.steps.BaseStepListener - stepStarted: net.thucydides.core.steps.ExecutedStepDescription@10ff3f95
[Test worker] WARN net.thucydides.core.steps.BaseStepListener - stepFinished: current outcome:registration in the system:Given that Alvaro wants to enter the user registration url [ open up [ opens the Utest page]], When enter all the appropriate data for user registration on the Utest platform
| name | last_name | email | birth_month | birth_day | birth_year | languages | city | code_postal | country | computer | computer_version | computer_language | password |
| Alvaro Israel | Cabezas Rios | aicabezas12322699@gmail.com | May | 4 | 2000 | spanish | Bogotá | 111121 | Colombia | Windows | Windows 10 | Spanish | Alvaro100@@ | [ registration user step1 [ clicks on Ingreso al mdulo de registro,  enters 'Alvaro Israel' into Ingreso de nombre,  enters 'Cabezas Rios' into Ingreso de apellido,  enters 'aicabezas12322699@gmail.com' into Ingreso del email,  select May on Seleionar el mes,  select 4 on Seleionar el dia,  select 2000 on Seleionar el aÃ±o,  enters 'spanish' into Ingresar idioma,  types 'ENTER' in Ingresar idioma,  clicks on Ingreso a la segundo paso del regsitro],  registration user step2 [ enters 'Bogotá' into Ingresar la ciudad,  types 'ARROW_DOWN' in Ingresar la ciudad,  clicks on Selecionar el pais,  enters 'Colombia' into Ingresar el pais,  types 'ENTER' in Ingresar el pais,  enters '111121' into Ingresar el codgo postal,  clicks on ingreso a la tercer paso del regsitro],  registration user step3 [ clicks on Ingresar el computador,  enters 'Windows' into Ingresar el nombre del sistema operativo,  types 'ENTER' in Ingresar el nombre del sistema operativo]]
[Test worker] WARN net.thucydides.core.steps.BaseStepListener - stepStarted: net.thucydides.core.steps.ExecutedStepDescription@632c1bf8
[Test worker] WARN net.thucydides.core.steps.BaseStepListener - stepFinished: current outcome:registration in the system:Given that Alvaro wants to enter the user registration url [ open up [ opens the Utest page]], When enter all the appropriate data for user registration on the Utest platform
| name | last_name | email | birth_month | birth_day | birth_year | languages | city | code_postal | country | computer | computer_version | computer_language | password |
| Alvaro Israel | Cabezas Rios | aicabezas12322699@gmail.com | May | 4 | 2000 | spanish | Bogotá | 111121 | Colombia | Windows | Windows 10 | Spanish | Alvaro100@@ | [ registration user step1 [ clicks on Ingreso al mdulo de registro,  enters 'Alvaro Israel' into Ingreso de nombre,  enters 'Cabezas Rios' into Ingreso de apellido,  enters 'aicabezas12322699@gmail.com' into Ingreso del email,  select May on Seleionar el mes,  select 4 on Seleionar el dia,  select 2000 on Seleionar el aÃ±o,  enters 'spanish' into Ingresar idioma,  types 'ENTER' in Ingresar idioma,  clicks on Ingreso a la segundo paso del regsitro],  registration user step2 [ enters 'Bogotá' into Ingresar la ciudad,  types 'ARROW_DOWN' in Ingresar la ciudad,  clicks on Selecionar el pais,  enters 'Colombia' into Ingresar el pais,  types 'ENTER' in Ingresar el pais,  enters '111121' into Ingresar el codgo postal,  clicks on ingreso a la tercer paso del regsitro],  registration user step3 [ clicks on Ingresar el computador,  enters 'Windows' into Ingresar el nombre del sistema operativo,  types 'ENTER' in Ingresar el nombre del sistema operativo,  clicks on Ingresar la version del comptador]]
[Test worker] WARN net.thucydides.core.steps.BaseStepListener - stepStarted: net.thucydides.core.steps.ExecutedStepDescription@69e9b3c1
[Test worker] WARN net.thucydides.core.steps.BaseStepListener - stepFinished: current outcome:registration in the system:Given that Alvaro wants to enter the user registration url [ open up [ opens the Utest page]], When enter all the appropriate data for user registration on the Utest platform
| name | last_name | email | birth_month | birth_day | birth_year | languages | city | code_postal | country | computer | computer_version | computer_language | password |
| Alvaro Israel | Cabezas Rios | aicabezas12322699@gmail.com | May | 4 | 2000 | spanish | Bogotá | 111121 | Colombia | Windows | Windows 10 | Spanish | Alvaro100@@ | [ registration user step1 [ clicks on Ingreso al mdulo de registro,  enters 'Alvaro Israel' into Ingreso de nombre,  enters 'Cabezas Rios' into Ingreso de apellido,  enters 'aicabezas12322699@gmail.com' into Ingreso del email,  select May on Seleionar el mes,  select 4 on Seleionar el dia,  select 2000 on Seleionar el aÃ±o,  enters 'spanish' into Ingresar idioma,  types 'ENTER' in Ingresar idioma,  clicks on Ingreso a la segundo paso del regsitro],  registration user step2 [ enters 'Bogotá' into Ingresar la ciudad,  types 'ARROW_DOWN' in Ingresar la ciudad,  clicks on Selecionar el pais,  enters 'Colombia' into Ingresar el pais,  types 'ENTER' in Ingresar el pais,  enters '111121' into Ingresar el codgo postal,  clicks on ingreso a la tercer paso del regsitro],  registration user step3 [ clicks on Ingresar el computador,  enters 'Windows' into Ingresar el nombre del sistema operativo,  types 'ENTER' in Ingresar el nombre del sistema operativo,  clicks on Ingresar la version del comptador,  enters 'Windows 10' into Ingresar el nombre del sistema operativo]]
[Test worker] WARN net.thucydides.core.steps.BaseStepListener - stepStarted: net.thucydides.core.steps.ExecutedStepDescription@3c2868ae
[Test worker] WARN net.thucydides.core.steps.BaseStepListener - stepFinished: current outcome:registration in the system:Given that Alvaro wants to enter the user registration url [ open up [ opens the Utest page]], When enter all the appropriate data for user registration on the Utest platform
| name | last_name | email | birth_month | birth_day | birth_year | languages | city | code_postal | country | computer | computer_version | computer_language | password |
| Alvaro Israel | Cabezas Rios | aicabezas12322699@gmail.com | May | 4 | 2000 | spanish | Bogotá | 111121 | Colombia | Windows | Windows 10 | Spanish | Alvaro100@@ | [ registration user step1 [ clicks on Ingreso al mdulo de registro,  enters 'Alvaro Israel' into Ingreso de nombre,  enters 'Cabezas Rios' into Ingreso de apellido,  enters 'aicabezas12322699@gmail.com' into Ingreso del email,  select May on Seleionar el mes,  select 4 on Seleionar el dia,  select 2000 on Seleionar el aÃ±o,  enters 'spanish' into Ingresar idioma,  types 'ENTER' in Ingresar idioma,  clicks on Ingreso a la segundo paso del regsitro],  registration user step2 [ enters 'Bogotá' into Ingresar la ciudad,  types 'ARROW_DOWN' in Ingresar la ciudad,  clicks on Selecionar el pais,  enters 'Colombia' into Ingresar el pais,  types 'ENTER' in Ingresar el pais,  enters '111121' into Ingresar el codgo postal,  clicks on ingreso a la tercer paso del regsitro],  registration user step3 [ clicks on Ingresar el computador,  enters 'Windows' into Ingresar el nombre del sistema operativo,  types 'ENTER' in Ingresar el nombre del sistema operativo,  clicks on Ingresar la version del comptador,  enters 'Windows 10' into Ingresar el nombre del sistema operativo,  types 'ENTER' in Ingresar el nombre del sistema operativo]]
[Test worker] WARN net.thucydides.core.steps.BaseStepListener - stepStarted: net.thucydides.core.steps.ExecutedStepDescription@460f75ca
[Test worker] WARN net.thucydides.core.steps.BaseStepListener - stepFinished: current outcome:registration in the system:Given that Alvaro wants to enter the user registration url [ open up [ opens the Utest page]], When enter all the appropriate data for user registration on the Utest platform
| name | last_name | email | birth_month | birth_day | birth_year | languages | city | code_postal | country | computer | computer_version | computer_language | password |
| Alvaro Israel | Cabezas Rios | aicabezas12322699@gmail.com | May | 4 | 2000 | spanish | Bogotá | 111121 | Colombia | Windows | Windows 10 | Spanish | Alvaro100@@ | [ registration user step1 [ clicks on Ingreso al mdulo de registro,  enters 'Alvaro Israel' into Ingreso de nombre,  enters 'Cabezas Rios' into Ingreso de apellido,  enters 'aicabezas12322699@gmail.com' into Ingreso del email,  select May on Seleionar el mes,  select 4 on Seleionar el dia,  select 2000 on Seleionar el aÃ±o,  enters 'spanish' into Ingresar idioma,  types 'ENTER' in Ingresar idioma,  clicks on Ingreso a la segundo paso del regsitro],  registration user step2 [ enters 'Bogotá' into Ingresar la ciudad,  types 'ARROW_DOWN' in Ingresar la ciudad,  clicks on Selecionar el pais,  enters 'Colombia' into Ingresar el pais,  types 'ENTER' in Ingresar el pais,  enters '111121' into Ingresar el codgo postal,  clicks on ingreso a la tercer paso del regsitro],  registration user step3 [ clicks on Ingresar el computador,  enters 'Windows' into Ingresar el nombre del sistema operativo,  types 'ENTER' in Ingresar el nombre del sistema operativo,  clicks on Ingresar la version del comptador,  enters 'Windows 10' into Ingresar el nombre del sistema operativo,  types 'ENTER' in Ingresar el nombre del sistema operativo,  clicks on Ingresar el lenguaje del computador]]
[Test worker] WARN net.thucydides.core.steps.BaseStepListener - stepStarted: net.thucydides.core.steps.ExecutedStepDescription@3ef85a90
[Test worker] WARN net.thucydides.core.steps.BaseStepListener - stepFinished: current outcome:registration in the system:Given that Alvaro wants to enter the user registration url [ open up [ opens the Utest page]], When enter all the appropriate data for user registration on the Utest platform
| name | last_name | email | birth_month | birth_day | birth_year | languages | city | code_postal | country | computer | computer_version | computer_language | password |
| Alvaro Israel | Cabezas Rios | aicabezas12322699@gmail.com | May | 4 | 2000 | spanish | Bogotá | 111121 | Colombia | Windows | Windows 10 | Spanish | Alvaro100@@ | [ registration user step1 [ clicks on Ingreso al mdulo de registro,  enters 'Alvaro Israel' into Ingreso de nombre,  enters 'Cabezas Rios' into Ingreso de apellido,  enters 'aicabezas12322699@gmail.com' into Ingreso del email,  select May on Seleionar el mes,  select 4 on Seleionar el dia,  select 2000 on Seleionar el aÃ±o,  enters 'spanish' into Ingresar idioma,  types 'ENTER' in Ingresar idioma,  clicks on Ingreso a la segundo paso del regsitro],  registration user step2 [ enters 'Bogotá' into Ingresar la ciudad,  types 'ARROW_DOWN' in Ingresar la ciudad,  clicks on Selecionar el pais,  enters 'Colombia' into Ingresar el pais,  types 'ENTER' in Ingresar el pais,  enters '111121' into Ingresar el codgo postal,  clicks on ingreso a la tercer paso del regsitro],  registration user step3 [ clicks on Ingresar el computador,  enters 'Windows' into Ingresar el nombre del sistema operativo,  types 'ENTER' in Ingresar el nombre del sistema operativo,  clicks on Ingresar la version del comptador,  enters 'Windows 10' into Ingresar el nombre del sistema operativo,  types 'ENTER' in Ingresar el nombre del sistema operativo,  clicks on Ingresar el lenguaje del computador,  enters 'Spanish' into Ingresar el nombre del lenguaje del computador]]
[Test worker] WARN net.thucydides.core.steps.BaseStepListener - stepStarted: net.thucydides.core.steps.ExecutedStepDescription@64d9878f
[Test worker] WARN net.thucydides.core.steps.BaseStepListener - stepFinished: current outcome:registration in the system:Given that Alvaro wants to enter the user registration url [ open up [ opens the Utest page]], When enter all the appropriate data for user registration on the Utest platform
| name | last_name | email | birth_month | birth_day | birth_year | languages | city | code_postal | country | computer | computer_version | computer_language | password |
| Alvaro Israel | Cabezas Rios | aicabezas12322699@gmail.com | May | 4 | 2000 | spanish | Bogotá | 111121 | Colombia | Windows | Windows 10 | Spanish | Alvaro100@@ | [ registration user step1 [ clicks on Ingreso al mdulo de registro,  enters 'Alvaro Israel' into Ingreso de nombre,  enters 'Cabezas Rios' into Ingreso de apellido,  enters 'aicabezas12322699@gmail.com' into Ingreso del email,  select May on Seleionar el mes,  select 4 on Seleionar el dia,  select 2000 on Seleionar el aÃ±o,  enters 'spanish' into Ingresar idioma,  types 'ENTER' in Ingresar idioma,  clicks on Ingreso a la segundo paso del regsitro],  registration user step2 [ enters 'Bogotá' into Ingresar la ciudad,  types 'ARROW_DOWN' in Ingresar la ciudad,  clicks on Selecionar el pais,  enters 'Colombia' into Ingresar el pais,  types 'ENTER' in Ingresar el pais,  enters '111121' into Ingresar el codgo postal,  clicks on ingreso a la tercer paso del regsitro],  registration user step3 [ clicks on Ingresar el computador,  enters 'Windows' into Ingresar el nombre del sistema operativo,  types 'ENTER' in Ingresar el nombre del sistema operativo,  clicks on Ingresar la version del comptador,  enters 'Windows 10' into Ingresar el nombre del sistema operativo,  types 'ENTER' in Ingresar el nombre del sistema operativo,  clicks on Ingresar el lenguaje del computador,  enters 'Spanish' into Ingresar el nombre del lenguaje del computador,  types 'ENTER' in Ingresar el nombre del lenguaje del computador]]
[Test worker] WARN net.thucydides.core.steps.BaseStepListener - stepStarted: net.thucydides.core.steps.ExecutedStepDescription@5b720886
[Test worker] WARN net.thucydides.core.steps.BaseStepListener - stepFinished: current outcome:registration in the system:Given that Alvaro wants to enter the user registration url [ open up [ opens the Utest page]], When enter all the appropriate data for user registration on the Utest platform
| name | last_name | email | birth_month | birth_day | birth_year | languages | city | code_postal | country | computer | computer_version | computer_language | password |
| Alvaro Israel | Cabezas Rios | aicabezas12322699@gmail.com | May | 4 | 2000 | spanish | Bogotá | 111121 | Colombia | Windows | Windows 10 | Spanish | Alvaro100@@ | [ registration user step1 [ clicks on Ingreso al mdulo de registro,  enters 'Alvaro Israel' into Ingreso de nombre,  enters 'Cabezas Rios' into Ingreso de apellido,  enters 'aicabezas12322699@gmail.com' into Ingreso del email,  select May on Seleionar el mes,  select 4 on Seleionar el dia,  select 2000 on Seleionar el aÃ±o,  enters 'spanish' into Ingresar idioma,  types 'ENTER' in Ingresar idioma,  clicks on Ingreso a la segundo paso del regsitro],  registration user step2 [ enters 'Bogotá' into Ingresar la ciudad,  types 'ARROW_DOWN' in Ingresar la ciudad,  clicks on Selecionar el pais,  enters 'Colombia' into Ingresar el pais,  types 'ENTER' in Ingresar el pais,  enters '111121' into Ingresar el codgo postal,  clicks on ingreso a la tercer paso del regsitro],  registration user step3 [ clicks on Ingresar el computador,  enters 'Windows' into Ingresar el nombre del sistema operativo,  types 'ENTER' in Ingresar el nombre del sistema operativo,  clicks on Ingresar la version del comptador,  enters 'Windows 10' into Ingresar el nombre del sistema operativo,  types 'ENTER' in Ingresar el nombre del sistema operativo,  clicks on Ingresar el lenguaje del computador,  enters 'Spanish' into Ingresar el nombre del lenguaje del computador,  types 'ENTER' in Ingresar el nombre del lenguaje del computador,  clicks on ingreso a la cuarto paso del regsitro]]
[Test worker] WARN net.thucydides.core.steps.BaseStepListener - stepFinished: current outcome:registration in the system:Given that Alvaro wants to enter the user registration url [ open up [ opens the Utest page]], When enter all the appropriate data for user registration on the Utest platform
| name | last_name | email | birth_month | birth_day | birth_year | languages | city | code_postal | country | computer | computer_version | computer_language | password |
| Alvaro Israel | Cabezas Rios | aicabezas12322699@gmail.com | May | 4 | 2000 | spanish | Bogotá | 111121 | Colombia | Windows | Windows 10 | Spanish | Alvaro100@@ | [ registration user step1 [ clicks on Ingreso al mdulo de registro,  enters 'Alvaro Israel' into Ingreso de nombre,  enters 'Cabezas Rios' into Ingreso de apellido,  enters 'aicabezas12322699@gmail.com' into Ingreso del email,  select May on Seleionar el mes,  select 4 on Seleionar el dia,  select 2000 on Seleionar el aÃ±o,  enters 'spanish' into Ingresar idioma,  types 'ENTER' in Ingresar idioma,  clicks on Ingreso a la segundo paso del regsitro],  registration user step2 [ enters 'Bogotá' into Ingresar la ciudad,  types 'ARROW_DOWN' in Ingresar la ciudad,  clicks on Selecionar el pais,  enters 'Colombia' into Ingresar el pais,  types 'ENTER' in Ingresar el pais,  enters '111121' into Ingresar el codgo postal,  clicks on ingreso a la tercer paso del regsitro],  registration user step3 [ clicks on Ingresar el computador,  enters 'Windows' into Ingresar el nombre del sistema operativo,  types 'ENTER' in Ingresar el nombre del sistema operativo,  clicks on Ingresar la version del comptador,  enters 'Windows 10' into Ingresar el nombre del sistema operativo,  types 'ENTER' in Ingresar el nombre del sistema operativo,  clicks on Ingresar el lenguaje del computador,  enters 'Spanish' into Ingresar el nombre del lenguaje del computador,  types 'ENTER' in Ingresar el nombre del lenguaje del computador,  clicks on ingreso a la cuarto paso del regsitro]]
[Test worker] WARN net.thucydides.core.steps.BaseStepListener - stepStarted: net.thucydides.core.steps.ExecutedStepDescription@1b0f788b
[Test worker] WARN net.thucydides.core.steps.BaseStepListener - stepStarted: net.thucydides.core.steps.ExecutedStepDescription@168d8e55
[Test worker] WARN net.thucydides.core.steps.BaseStepListener - stepFinished: current outcome:registration in the system:Given that Alvaro wants to enter the user registration url [ open up [ opens the Utest page]], When enter all the appropriate data for user registration on the Utest platform
| name | last_name | email | birth_month | birth_day | birth_year | languages | city | code_postal | country | computer | computer_version | computer_language | password |
| Alvaro Israel | Cabezas Rios | aicabezas12322699@gmail.com | May | 4 | 2000 | spanish | Bogotá | 111121 | Colombia | Windows | Windows 10 | Spanish | Alvaro100@@ | [ registration user step1 [ clicks on Ingreso al mdulo de registro,  enters 'Alvaro Israel' into Ingreso de nombre,  enters 'Cabezas Rios' into Ingreso de apellido,  enters 'aicabezas12322699@gmail.com' into Ingreso del email,  select May on Seleionar el mes,  select 4 on Seleionar el dia,  select 2000 on Seleionar el aÃ±o,  enters 'spanish' into Ingresar idioma,  types 'ENTER' in Ingresar idioma,  clicks on Ingreso a la segundo paso del regsitro],  registration user step2 [ enters 'Bogotá' into Ingresar la ciudad,  types 'ARROW_DOWN' in Ingresar la ciudad,  clicks on Selecionar el pais,  enters 'Colombia' into Ingresar el pais,  types 'ENTER' in Ingresar el pais,  enters '111121' into Ingresar el codgo postal,  clicks on ingreso a la tercer paso del regsitro],  registration user step3 [ clicks on Ingresar el computador,  enters 'Windows' into Ingresar el nombre del sistema operativo,  types 'ENTER' in Ingresar el nombre del sistema operativo,  clicks on Ingresar la version del comptador,  enters 'Windows 10' into Ingresar el nombre del sistema operativo,  types 'ENTER' in Ingresar el nombre del sistema operativo,  clicks on Ingresar el lenguaje del computador,  enters 'Spanish' into Ingresar el nombre del lenguaje del computador,  types 'ENTER' in Ingresar el nombre del lenguaje del computador,  clicks on ingreso a la cuarto paso del regsitro],  registration user step4 [ enters 'Alvaro100@@' into Ingreso de la contraseÃ±a]]
[Test worker] WARN net.thucydides.core.steps.BaseStepListener - stepStarted: net.thucydides.core.steps.ExecutedStepDescription@57738756
[Test worker] WARN net.thucydides.core.steps.BaseStepListener - stepFinished: current outcome:registration in the system:Given that Alvaro wants to enter the user registration url [ open up [ opens the Utest page]], When enter all the appropriate data for user registration on the Utest platform
| name | last_name | email | birth_month | birth_day | birth_year | languages | city | code_postal | country | computer | computer_version | computer_language | password |
| Alvaro Israel | Cabezas Rios | aicabezas12322699@gmail.com | May | 4 | 2000 | spanish | Bogotá | 111121 | Colombia | Windows | Windows 10 | Spanish | Alvaro100@@ | [ registration user step1 [ clicks on Ingreso al mdulo de registro,  enters 'Alvaro Israel' into Ingreso de nombre,  enters 'Cabezas Rios' into Ingreso de apellido,  enters 'aicabezas12322699@gmail.com' into Ingreso del email,  select May on Seleionar el mes,  select 4 on Seleionar el dia,  select 2000 on Seleionar el aÃ±o,  enters 'spanish' into Ingresar idioma,  types 'ENTER' in Ingresar idioma,  clicks on Ingreso a la segundo paso del regsitro],  registration user step2 [ enters 'Bogotá' into Ingresar la ciudad,  types 'ARROW_DOWN' in Ingresar la ciudad,  clicks on Selecionar el pais,  enters 'Colombia' into Ingresar el pais,  types 'ENTER' in Ingresar el pais,  enters '111121' into Ingresar el codgo postal,  clicks on ingreso a la tercer paso del regsitro],  registration user step3 [ clicks on Ingresar el computador,  enters 'Windows' into Ingresar el nombre del sistema operativo,  types 'ENTER' in Ingresar el nombre del sistema operativo,  clicks on Ingresar la version del comptador,  enters 'Windows 10' into Ingresar el nombre del sistema operativo,  types 'ENTER' in Ingresar el nombre del sistema operativo,  clicks on Ingresar el lenguaje del computador,  enters 'Spanish' into Ingresar el nombre del lenguaje del computador,  types 'ENTER' in Ingresar el nombre del lenguaje del computador,  clicks on ingreso a la cuarto paso del regsitro],  registration user step4 [ enters 'Alvaro100@@' into Ingreso de la contraseÃ±a,  enters 'Alvaro100@@' into Ingreso de la confirmacion de contraseÃ±a]]
[Test worker] WARN net.thucydides.core.steps.BaseStepListener - stepStarted: net.thucydides.core.steps.ExecutedStepDescription@790eeb52
[Test worker] WARN net.thucydides.core.steps.BaseStepListener - stepFinished: current outcome:registration in the system:Given that Alvaro wants to enter the user registration url [ open up [ opens the Utest page]], When enter all the appropriate data for user registration on the Utest platform
| name | last_name | email | birth_month | birth_day | birth_year | languages | city | code_postal | country | computer | computer_version | computer_language | password |
| Alvaro Israel | Cabezas Rios | aicabezas12322699@gmail.com | May | 4 | 2000 | spanish | Bogotá | 111121 | Colombia | Windows | Windows 10 | Spanish | Alvaro100@@ | [ registration user step1 [ clicks on Ingreso al mdulo de registro,  enters 'Alvaro Israel' into Ingreso de nombre,  enters 'Cabezas Rios' into Ingreso de apellido,  enters 'aicabezas12322699@gmail.com' into Ingreso del email,  select May on Seleionar el mes,  select 4 on Seleionar el dia,  select 2000 on Seleionar el aÃ±o,  enters 'spanish' into Ingresar idioma,  types 'ENTER' in Ingresar idioma,  clicks on Ingreso a la segundo paso del regsitro],  registration user step2 [ enters 'Bogotá' into Ingresar la ciudad,  types 'ARROW_DOWN' in Ingresar la ciudad,  clicks on Selecionar el pais,  enters 'Colombia' into Ingresar el pais,  types 'ENTER' in Ingresar el pais,  enters '111121' into Ingresar el codgo postal,  clicks on ingreso a la tercer paso del regsitro],  registration user step3 [ clicks on Ingresar el computador,  enters 'Windows' into Ingresar el nombre del sistema operativo,  types 'ENTER' in Ingresar el nombre del sistema operativo,  clicks on Ingresar la version del comptador,  enters 'Windows 10' into Ingresar el nombre del sistema operativo,  types 'ENTER' in Ingresar el nombre del sistema operativo,  clicks on Ingresar el lenguaje del computador,  enters 'Spanish' into Ingresar el nombre del lenguaje del computador,  types 'ENTER' in Ingresar el nombre del lenguaje del computador,  clicks on ingreso a la cuarto paso del regsitro],  registration user step4 [ enters 'Alvaro100@@' into Ingreso de la contraseÃ±a,  enters 'Alvaro100@@' into Ingreso de la confirmacion de contraseÃ±a,  clicks on Selecion del check numero 1]]
[Test worker] WARN net.thucydides.core.steps.BaseStepListener - stepStarted: net.thucydides.core.steps.ExecutedStepDescription@5fec4f4
[Test worker] WARN net.thucydides.core.steps.BaseStepListener - stepFinished: current outcome:registration in the system:Given that Alvaro wants to enter the user registration url [ open up [ opens the Utest page]], When enter all the appropriate data for user registration on the Utest platform
| name | last_name | email | birth_month | birth_day | birth_year | languages | city | code_postal | country | computer | computer_version | computer_language | password |
| Alvaro Israel | Cabezas Rios | aicabezas12322699@gmail.com | May | 4 | 2000 | spanish | Bogotá | 111121 | Colombia | Windows | Windows 10 | Spanish | Alvaro100@@ | [ registration user step1 [ clicks on Ingreso al mdulo de registro,  enters 'Alvaro Israel' into Ingreso de nombre,  enters 'Cabezas Rios' into Ingreso de apellido,  enters 'aicabezas12322699@gmail.com' into Ingreso del email,  select May on Seleionar el mes,  select 4 on Seleionar el dia,  select 2000 on Seleionar el aÃ±o,  enters 'spanish' into Ingresar idioma,  types 'ENTER' in Ingresar idioma,  clicks on Ingreso a la segundo paso del regsitro],  registration user step2 [ enters 'Bogotá' into Ingresar la ciudad,  types 'ARROW_DOWN' in Ingresar la ciudad,  clicks on Selecionar el pais,  enters 'Colombia' into Ingresar el pais,  types 'ENTER' in Ingresar el pais,  enters '111121' into Ingresar el codgo postal,  clicks on ingreso a la tercer paso del regsitro],  registration user step3 [ clicks on Ingresar el computador,  enters 'Windows' into Ingresar el nombre del sistema operativo,  types 'ENTER' in Ingresar el nombre del sistema operativo,  clicks on Ingresar la version del comptador,  enters 'Windows 10' into Ingresar el nombre del sistema operativo,  types 'ENTER' in Ingresar el nombre del sistema operativo,  clicks on Ingresar el lenguaje del computador,  enters 'Spanish' into Ingresar el nombre del lenguaje del computador,  types 'ENTER' in Ingresar el nombre del lenguaje del computador,  clicks on ingreso a la cuarto paso del regsitro],  registration user step4 [ enters 'Alvaro100@@' into Ingreso de la contraseÃ±a,  enters 'Alvaro100@@' into Ingreso de la confirmacion de contraseÃ±a,  clicks on Selecion del check numero 1,  clicks on Selecion del check numero 2]]
[Test worker] WARN net.thucydides.core.steps.BaseStepListener - stepStarted: net.thucydides.core.steps.ExecutedStepDescription@4248a667
[Test worker] WARN net.thucydides.core.steps.BaseStepListener - stepFinished: current outcome:registration in the system:Given that Alvaro wants to enter the user registration url [ open up [ opens the Utest page]], When enter all the appropriate data for user registration on the Utest platform
| name | last_name | email | birth_month | birth_day | birth_year | languages | city | code_postal | country | computer | computer_version | computer_language | password |
| Alvaro Israel | Cabezas Rios | aicabezas12322699@gmail.com | May | 4 | 2000 | spanish | Bogotá | 111121 | Colombia | Windows | Windows 10 | Spanish | Alvaro100@@ | [ registration user step1 [ clicks on Ingreso al mdulo de registro,  enters 'Alvaro Israel' into Ingreso de nombre,  enters 'Cabezas Rios' into Ingreso de apellido,  enters 'aicabezas12322699@gmail.com' into Ingreso del email,  select May on Seleionar el mes,  select 4 on Seleionar el dia,  select 2000 on Seleionar el aÃ±o,  enters 'spanish' into Ingresar idioma,  types 'ENTER' in Ingresar idioma,  clicks on Ingreso a la segundo paso del regsitro],  registration user step2 [ enters 'Bogotá' into Ingresar la ciudad,  types 'ARROW_DOWN' in Ingresar la ciudad,  clicks on Selecionar el pais,  enters 'Colombia' into Ingresar el pais,  types 'ENTER' in Ingresar el pais,  enters '111121' into Ingresar el codgo postal,  clicks on ingreso a la tercer paso del regsitro],  registration user step3 [ clicks on Ingresar el computador,  enters 'Windows' into Ingresar el nombre del sistema operativo,  types 'ENTER' in Ingresar el nombre del sistema operativo,  clicks on Ingresar la version del comptador,  enters 'Windows 10' into Ingresar el nombre del sistema operativo,  types 'ENTER' in Ingresar el nombre del sistema operativo,  clicks on Ingresar el lenguaje del computador,  enters 'Spanish' into Ingresar el nombre del lenguaje del computador,  types 'ENTER' in Ingresar el nombre del lenguaje del computador,  clicks on ingreso a la cuarto paso del regsitro],  registration user step4 [ enters 'Alvaro100@@' into Ingreso de la contraseÃ±a,  enters 'Alvaro100@@' into Ingreso de la confirmacion de contraseÃ±a,  clicks on Selecion del check numero 1,  clicks on Selecion del check numero 2,  clicks on Selecion del check numero 3]]
[Test worker] WARN net.thucydides.core.steps.BaseStepListener - stepStarted: net.thucydides.core.steps.ExecutedStepDescription@1787f0d7
[Test worker] WARN net.thucydides.core.steps.BaseStepListener - stepFinished: current outcome:registration in the system:Given that Alvaro wants to enter the user registration url [ open up [ opens the Utest page]], When enter all the appropriate data for user registration on the Utest platform
| name | last_name | email | birth_month | birth_day | birth_year | languages | city | code_postal | country | computer | computer_version | computer_language | password |
| Alvaro Israel | Cabezas Rios | aicabezas12322699@gmail.com | May | 4 | 2000 | spanish | Bogotá | 111121 | Colombia | Windows | Windows 10 | Spanish | Alvaro100@@ | [ registration user step1 [ clicks on Ingreso al mdulo de registro,  enters 'Alvaro Israel' into Ingreso de nombre,  enters 'Cabezas Rios' into Ingreso de apellido,  enters 'aicabezas12322699@gmail.com' into Ingreso del email,  select May on Seleionar el mes,  select 4 on Seleionar el dia,  select 2000 on Seleionar el aÃ±o,  enters 'spanish' into Ingresar idioma,  types 'ENTER' in Ingresar idioma,  clicks on Ingreso a la segundo paso del regsitro],  registration user step2 [ enters 'Bogotá' into Ingresar la ciudad,  types 'ARROW_DOWN' in Ingresar la ciudad,  clicks on Selecionar el pais,  enters 'Colombia' into Ingresar el pais,  types 'ENTER' in Ingresar el pais,  enters '111121' into Ingresar el codgo postal,  clicks on ingreso a la tercer paso del regsitro],  registration user step3 [ clicks on Ingresar el computador,  enters 'Windows' into Ingresar el nombre del sistema operativo,  types 'ENTER' in Ingresar el nombre del sistema operativo,  clicks on Ingresar la version del comptador,  enters 'Windows 10' into Ingresar el nombre del sistema operativo,  types 'ENTER' in Ingresar el nombre del sistema operativo,  clicks on Ingresar el lenguaje del computador,  enters 'Spanish' into Ingresar el nombre del lenguaje del computador,  types 'ENTER' in Ingresar el nombre del lenguaje del computador,  clicks on ingreso a la cuarto paso del regsitro],  registration user step4 [ enters 'Alvaro100@@' into Ingreso de la contraseÃ±a,  enters 'Alvaro100@@' into Ingreso de la confirmacion de contraseÃ±a,  clicks on Selecion del check numero 1,  clicks on Selecion del check numero 2,  clicks on Selecion del check numero 3,  clicks on Boton para ingresar el usuario]]
[Test worker] WARN net.thucydides.core.steps.BaseStepListener - stepFinished: current outcome:registration in the system:Given that Alvaro wants to enter the user registration url [ open up [ opens the Utest page]], When enter all the appropriate data for user registration on the Utest platform
| name | last_name | email | birth_month | birth_day | birth_year | languages | city | code_postal | country | computer | computer_version | computer_language | password |
| Alvaro Israel | Cabezas Rios | aicabezas12322699@gmail.com | May | 4 | 2000 | spanish | Bogotá | 111121 | Colombia | Windows | Windows 10 | Spanish | Alvaro100@@ | [ registration user step1 [ clicks on Ingreso al mdulo de registro,  enters 'Alvaro Israel' into Ingreso de nombre,  enters 'Cabezas Rios' into Ingreso de apellido,  enters 'aicabezas12322699@gmail.com' into Ingreso del email,  select May on Seleionar el mes,  select 4 on Seleionar el dia,  select 2000 on Seleionar el aÃ±o,  enters 'spanish' into Ingresar idioma,  types 'ENTER' in Ingresar idioma,  clicks on Ingreso a la segundo paso del regsitro],  registration user step2 [ enters 'Bogotá' into Ingresar la ciudad,  types 'ARROW_DOWN' in Ingresar la ciudad,  clicks on Selecionar el pais,  enters 'Colombia' into Ingresar el pais,  types 'ENTER' in Ingresar el pais,  enters '111121' into Ingresar el codgo postal,  clicks on ingreso a la tercer paso del regsitro],  registration user step3 [ clicks on Ingresar el computador,  enters 'Windows' into Ingresar el nombre del sistema operativo,  types 'ENTER' in Ingresar el nombre del sistema operativo,  clicks on Ingresar la version del comptador,  enters 'Windows 10' into Ingresar el nombre del sistema operativo,  types 'ENTER' in Ingresar el nombre del sistema operativo,  clicks on Ingresar el lenguaje del computador,  enters 'Spanish' into Ingresar el nombre del lenguaje del computador,  types 'ENTER' in Ingresar el nombre del lenguaje del computador,  clicks on ingreso a la cuarto paso del regsitro],  registration user step4 [ enters 'Alvaro100@@' into Ingreso de la contraseÃ±a,  enters 'Alvaro100@@' into Ingreso de la confirmacion de contraseÃ±a,  clicks on Selecion del check numero 1,  clicks on Selecion del check numero 2,  clicks on Selecion del check numero 3,  clicks on Boton para ingresar el usuario]]
[Test worker] WARN net.thucydides.core.steps.BaseStepListener - stepFinished: current outcome:registration in the system:Given that Alvaro wants to enter the user registration url [ open up [ opens the Utest page]], When enter all the appropriate data for user registration on the Utest platform
| name | last_name | email | birth_month | birth_day | birth_year | languages | city | code_postal | country | computer | computer_version | computer_language | password |
| Alvaro Israel | Cabezas Rios | aicabezas12322699@gmail.com | May | 4 | 2000 | spanish | Bogotá | 111121 | Colombia | Windows | Windows 10 | Spanish | Alvaro100@@ | [ registration user step1 [ clicks on Ingreso al mdulo de registro,  enters 'Alvaro Israel' into Ingreso de nombre,  enters 'Cabezas Rios' into Ingreso de apellido,  enters 'aicabezas12322699@gmail.com' into Ingreso del email,  select May on Seleionar el mes,  select 4 on Seleionar el dia,  select 2000 on Seleionar el aÃ±o,  enters 'spanish' into Ingresar idioma,  types 'ENTER' in Ingresar idioma,  clicks on Ingreso a la segundo paso del regsitro],  registration user step2 [ enters 'Bogotá' into Ingresar la ciudad,  types 'ARROW_DOWN' in Ingresar la ciudad,  clicks on Selecionar el pais,  enters 'Colombia' into Ingresar el pais,  types 'ENTER' in Ingresar el pais,  enters '111121' into Ingresar el codgo postal,  clicks on ingreso a la tercer paso del regsitro],  registration user step3 [ clicks on Ingresar el computador,  enters 'Windows' into Ingresar el nombre del sistema operativo,  types 'ENTER' in Ingresar el nombre del sistema operativo,  clicks on Ingresar la version del comptador,  enters 'Windows 10' into Ingresar el nombre del sistema operativo,  types 'ENTER' in Ingresar el nombre del sistema operativo,  clicks on Ingresar el lenguaje del computador,  enters 'Spanish' into Ingresar el nombre del lenguaje del computador,  types 'ENTER' in Ingresar el nombre del lenguaje del computador,  clicks on ingreso a la cuarto paso del regsitro],  registration user step4 [ enters 'Alvaro100@@' into Ingreso de la contraseÃ±a,  enters 'Alvaro100@@' into Ingreso de la confirmacion de contraseÃ±a,  clicks on Selecion del check numero 1,  clicks on Selecion del check numero 2,  clicks on Selecion del check numero 3,  clicks on Boton para ingresar el usuario]]
[Test worker] WARN net.thucydides.core.steps.BaseStepListener - stepStarted: net.thucydides.core.steps.ExecutedStepDescription@4690a6b6
[Test worker] WARN net.thucydides.core.steps.BaseStepListener - stepFinished: current outcome:registration in the system:Given that Alvaro wants to enter the user registration url [ open up [ opens the Utest page]], When enter all the appropriate data for user registration on the Utest platform
| name | last_name | email | birth_month | birth_day | birth_year | languages | city | code_postal | country | computer | computer_version | computer_language | password |
| Alvaro Israel | Cabezas Rios | aicabezas12322699@gmail.com | May | 4 | 2000 | spanish | Bogotá | 111121 | Colombia | Windows | Windows 10 | Spanish | Alvaro100@@ | [ registration user step1 [ clicks on Ingreso al mdulo de registro,  enters 'Alvaro Israel' into Ingreso de nombre,  enters 'Cabezas Rios' into Ingreso de apellido,  enters 'aicabezas12322699@gmail.com' into Ingreso del email,  select May on Seleionar el mes,  select 4 on Seleionar el dia,  select 2000 on Seleionar el aÃ±o,  enters 'spanish' into Ingresar idioma,  types 'ENTER' in Ingresar idioma,  clicks on Ingreso a la segundo paso del regsitro],  registration user step2 [ enters 'Bogotá' into Ingresar la ciudad,  types 'ARROW_DOWN' in Ingresar la ciudad,  clicks on Selecionar el pais,  enters 'Colombia' into Ingresar el pais,  types 'ENTER' in Ingresar el pais,  enters '111121' into Ingresar el codgo postal,  clicks on ingreso a la tercer paso del regsitro],  registration user step3 [ clicks on Ingresar el computador,  enters 'Windows' into Ingresar el nombre del sistema operativo,  types 'ENTER' in Ingresar el nombre del sistema operativo,  clicks on Ingresar la version del comptador,  enters 'Windows 10' into Ingresar el nombre del sistema operativo,  types 'ENTER' in Ingresar el nombre del sistema operativo,  clicks on Ingresar el lenguaje del computador,  enters 'Spanish' into Ingresar el nombre del lenguaje del computador,  types 'ENTER' in Ingresar el nombre del lenguaje del computador,  clicks on ingreso a la cuarto paso del regsitro],  registration user step4 [ enters 'Alvaro100@@' into Ingreso de la contraseÃ±a,  enters 'Alvaro100@@' into Ingreso de la confirmacion de contraseÃ±a,  clicks on Selecion del check numero 1,  clicks on Selecion del check numero 2,  clicks on Selecion del check numero 3,  clicks on Boton para ingresar el usuario]], Then verify that the registration is complete
[Test worker] WARN net.thucydides.core.steps.BaseStepListener - testFinished: registration in the system:Given that Alvaro wants to enter the user registration url [ open up [ opens the Utest page]], When enter all the appropriate data for user registration on the Utest platform
| name | last_name | email | birth_month | birth_day | birth_year | languages | city | code_postal | country | computer | computer_version | computer_language | password |
| Alvaro Israel | Cabezas Rios | aicabezas12322699@gmail.com | May | 4 | 2000 | spanish | Bogotá | 111121 | Colombia | Windows | Windows 10 | Spanish | Alvaro100@@ | [ registration user step1 [ clicks on Ingreso al mdulo de registro,  enters 'Alvaro Israel' into Ingreso de nombre,  enters 'Cabezas Rios' into Ingreso de apellido,  enters 'aicabezas12322699@gmail.com' into Ingreso del email,  select May on Seleionar el mes,  select 4 on Seleionar el dia,  select 2000 on Seleionar el aÃ±o,  enters 'spanish' into Ingresar idioma,  types 'ENTER' in Ingresar idioma,  clicks on Ingreso a la segundo paso del regsitro],  registration user step2 [ enters 'Bogotá' into Ingresar la ciudad,  types 'ARROW_DOWN' in Ingresar la ciudad,  clicks on Selecionar el pais,  enters 'Colombia' into Ingresar el pais,  types 'ENTER' in Ingresar el pais,  enters '111121' into Ingresar el codgo postal,  clicks on ingreso a la tercer paso del regsitro],  registration user step3 [ clicks on Ingresar el computador,  enters 'Windows' into Ingresar el nombre del sistema operativo,  types 'ENTER' in Ingresar el nombre del sistema operativo,  clicks on Ingresar la version del comptador,  enters 'Windows 10' into Ingresar el nombre del sistema operativo,  types 'ENTER' in Ingresar el nombre del sistema operativo,  clicks on Ingresar el lenguaje del computador,  enters 'Spanish' into Ingresar el nombre del lenguaje del computador,  types 'ENTER' in Ingresar el nombre del lenguaje del computador,  clicks on ingreso a la cuarto paso del regsitro],  registration user step4 [ enters 'Alvaro100@@' into Ingreso de la contraseÃ±a,  enters 'Alvaro100@@' into Ingreso de la confirmacion de contraseÃ±a,  clicks on Selecion del check numero 1,  clicks on Selecion del check numero 2,  clicks on Selecion del check numero 3,  clicks on Boton para ingresar el usuario]], Then verify that the registration is complete
[Test worker] WARN net.thucydides.core.steps.BaseStepListener - TestOutcomes: [registration in the system:Given that Alvaro wants to enter the user registration url [ open up [ opens the Utest page]], When enter all the appropriate data for user registration on the Utest platform
| name | last_name | email | birth_month | birth_day | birth_year | languages | city | code_postal | country | computer | computer_version | computer_language | password |
| Alvaro Israel | Cabezas Rios | aicabezas12322699@gmail.com | May | 4 | 2000 | spanish | Bogotá | 111121 | Colombia | Windows | Windows 10 | Spanish | Alvaro100@@ | [ registration user step1 [ clicks on Ingreso al mdulo de registro,  enters 'Alvaro Israel' into Ingreso de nombre,  enters 'Cabezas Rios' into Ingreso de apellido,  enters 'aicabezas12322699@gmail.com' into Ingreso del email,  select May on Seleionar el mes,  select 4 on Seleionar el dia,  select 2000 on Seleionar el aÃ±o,  enters 'spanish' into Ingresar idioma,  types 'ENTER' in Ingresar idioma,  clicks on Ingreso a la segundo paso del regsitro],  registration user step2 [ enters 'Bogotá' into Ingresar la ciudad,  types 'ARROW_DOWN' in Ingresar la ciudad,  clicks on Selecionar el pais,  enters 'Colombia' into Ingresar el pais,  types 'ENTER' in Ingresar el pais,  enters '111121' into Ingresar el codgo postal,  clicks on ingreso a la tercer paso del regsitro],  registration user step3 [ clicks on Ingresar el computador,  enters 'Windows' into Ingresar el nombre del sistema operativo,  types 'ENTER' in Ingresar el nombre del sistema operativo,  clicks on Ingresar la version del comptador,  enters 'Windows 10' into Ingresar el nombre del sistema operativo,  types 'ENTER' in Ingresar el nombre del sistema operativo,  clicks on Ingresar el lenguaje del computador,  enters 'Spanish' into Ingresar el nombre del lenguaje del computador,  types 'ENTER' in Ingresar el nombre del lenguaje del computador,  clicks on ingreso a la cuarto paso del regsitro],  registration user step4 [ enters 'Alvaro100@@' into Ingreso de la contraseÃ±a,  enters 'Alvaro100@@' into Ingreso de la confirmacion de contraseÃ±a,  clicks on Selecion del check numero 1,  clicks on Selecion del check numero 2,  clicks on Selecion del check numero 3,  clicks on Boton para ingresar el usuario]], Then verify that the registration is complete]
[Test worker] WARN net.thucydides.core.steps.BaseStepListener - Final testOutcomes: [registration in the system:Given that Alvaro wants to enter the user registration url [ open up [ opens the Utest page]], When enter all the appropriate data for user registration on the Utest platform
| name | last_name | email | birth_month | birth_day | birth_year | languages | city | code_postal | country | computer | computer_version | computer_language | password |
| Alvaro Israel | Cabezas Rios | aicabezas12322699@gmail.com | May | 4 | 2000 | spanish | Bogotá | 111121 | Colombia | Windows | Windows 10 | Spanish | Alvaro100@@ | [ registration user step1 [ clicks on Ingreso al mdulo de registro,  enters 'Alvaro Israel' into Ingreso de nombre,  enters 'Cabezas Rios' into Ingreso de apellido,  enters 'aicabezas12322699@gmail.com' into Ingreso del email,  select May on Seleionar el mes,  select 4 on Seleionar el dia,  select 2000 on Seleionar el aÃ±o,  enters 'spanish' into Ingresar idioma,  types 'ENTER' in Ingresar idioma,  clicks on Ingreso a la segundo paso del regsitro],  registration user step2 [ enters 'Bogotá' into Ingresar la ciudad,  types 'ARROW_DOWN' in Ingresar la ciudad,  clicks on Selecionar el pais,  enters 'Colombia' into Ingresar el pais,  types 'ENTER' in Ingresar el pais,  enters '111121' into Ingresar el codgo postal,  clicks on ingreso a la tercer paso del regsitro],  registration user step3 [ clicks on Ingresar el computador,  enters 'Windows' into Ingresar el nombre del sistema operativo,  types 'ENTER' in Ingresar el nombre del sistema operativo,  clicks on Ingresar la version del comptador,  enters 'Windows 10' into Ingresar el nombre del sistema operativo,  types 'ENTER' in Ingresar el nombre del sistema operativo,  clicks on Ingresar el lenguaje del computador,  enters 'Spanish' into Ingresar el nombre del lenguaje del computador,  types 'ENTER' in Ingresar el nombre del lenguaje del computador,  clicks on ingreso a la cuarto paso del regsitro],  registration user step4 [ enters 'Alvaro100@@' into Ingreso de la contraseÃ±a,  enters 'Alvaro100@@' into Ingreso de la confirmacion de contraseÃ±a,  clicks on Selecion del check numero 1,  clicks on Selecion del check numero 2,  clicks on Selecion del check numero 3,  clicks on Boton para ingresar el usuario]], Then verify that the registration is complete]
[Test worker] INFO net.thucydides.core.steps.ConsoleLoggingListener - 
        __    _____ _____ ____ _____   ____   _    ____  ____  _____ ____  
  _     \ \  |_   _| ____/ ___|_   _| |  _ \ / \  / ___|/ ___|| ____|  _ \ 
 (_)_____| |   | | |  _| \___ \ | |   | |_) / _ \ \___ \\___ \|  _| | | | |
  _|_____| |   | | | |___ ___) || |   |  __/ ___ \ ___) |___) | |___| |_| |
 (_)     | |   |_| |_____|____/ |_|   |_| /_/   \_\____/|____/|_____|____/ 
        /_/                                                                

TEST PASSED: registration in the system
----------------------------------------------------------------------------
]]></system-err>
</testsuite>
